Microsoft (R) Help Compiler
HCRTF 4.03.0002
Copyright (c) Microsoft Corp 1990 - 1995. All rights reserved.
madelung.hpj
    HC3037: Warning: D:\Projects\Madelung\hlp\Madelung.hm : 
	The map value for "HID_TOOLS_PCDF_1" is the same as the map value for "HID_TOOLS_PCDF_STEP".
    HC3037: Warning: D:\Projects\Madelung\hlp\Madelung.hm : 
	The map value for "HIDD_PP_ATOMSINUNITCELL" is the same as the map value for "HIDD_PP_EDITATOMS".
    HC3037: Warning: D:\Projects\Madelung\hlp\Madelung.hm : 
	The map value for "HIDD_PP_SPACE_GROUP" is the same as the map value for "HIDD_PP_CRYSTAL_LATTICE".
    HC3037: Warning: D:\Projects\Madelung\hlp\Madelung.hm : 
	The map value for "HIDD_ATOMWINDOW" is the same as the map value for "HIDR_START".
    HC3037: Warning: D:\Projects\Madelung\hlp\Madelung.hm : 
	The map value for "HIDD_PP_MOLECULESINUNITCELL" is the same as the map value for "HIDD_MOLECULELIST".
    HC1002: Note: 
	Using existing phrase table: Madelung.ph.
    HC3025: Warning: topic #1 of D:\Projects\Madelung\hlp\.\afxcore.rtf : 
	Jump to undefined Topic ID: "menu_record".
    HC3025: Warning: topic #3 of D:\Projects\Madelung\hlp\.\afxcore.rtf : 
	Jump to undefined Topic ID: "HID_OLE_EDIT_LINKS".
    HC3025: Warning: topic #3 of D:\Projects\Madelung\hlp\.\afxcore.rtf : 
	Jump to undefined Topic ID: "HID_EDIT_PASTE_LINK".
    HC3025: Warning: topic #3 of D:\Projects\Madelung\hlp\.\afxcore.rtf : 
	Jump to undefined Topic ID: "HID_OLE_INSERT_NEW".
    HC1010: Note: 
	The following mapped Topic IDs were not used in any topic:
	AFX_HIDP_UNREG_DONE
	HID_TOOLS_SELECTATOMS
	HID_COMPUTE_DECOMPOSE
	AFX_HIDP_GET_NOT_SUPPORTED
	HID_HT_OBJECT
	HID_POPUP_SELECT
	AFX_HIDP_SQL_BOOKMARKS_NOT_ENABLED
	HIDD_EDIT_ATOMS_IN_MOLECULE
	HID_RECORD_FIRST
	HID_ISOSURFACES
	HID_EDIT_SELECT_ALL
	HIDD_PLOT_UNITCELLS
	HIDD_DIALOG_SYMMETRY
	HID_FILE_UPDATE
	AFX_HIDW_RESIZE_BAR
	AFX_HIDP_SQL_NO_DATA_FOUND
	AFX_HIDP_SQL_EMPTY_COLUMN_LIST
	AFX_HIDP_SQL_ODBC_LOAD_FAILED
	AFX_HIDP_FAILED_TO_CREATE
	HID_WIN_ATOMWIN
	HIDR_MAINFRAME_CANCEL
	HID_TOOLS_SETUP_LATTICESUMMATION
	AFX_HIDD_BUSY
	AFX_HIDP_ARCH_NONE
	HID_RECORD_LAST
	HID_RECORD_NEXT
	HID_RECORD_PREV
	AFX_HIDD_OBJECTPROPERTIES
	HID_TOOLS_UNSELECTALLATOMS
	HIDD_DIALOG_LATTICE_EXTEND
	HID_PLOT_UNITCELL
	AFX_HIDP_UNREG_FAILURE
	AFX_HIDP_SQL_BOOKMARKS_NOT_SUPPORTED
	AFX_HIDP_FILE_TOO_MANY_OPEN
	AFX_HIDP_SQL_FIELD_NOT_FOUND
	AFX_HIDP_FILE_ACCESS_DENIED
	HIDD_PP_EDITATOMS
	HID_VIEW_WYCKOFF
	HID_FILE_SAVE_COPY_AS
	AFX_HIDD_CONVERT
	AFX_HIDP_ASK_TO_DISCARD
	AFX_HIDP_SQL_FIELD_SCHEMA_MISMATCH
	AFX_HIDP_SQL_LOCK_MODE_NOT_SUPPORTED
	HIDR_POPUP_UNSELECTATOM
	HID_FORMAT_FONT
	AFX_HIDP_FILE_HARD_IO
	AFX_HIDD_CHANGESOURCE
	HID_PROGRESS_BAR
	HID_POPUP_HIDEALL
	HID_TOOLS_EXTEND_DELETE
	AFX_HIDP_FILE_NOT_FOUND
	AFX_HIDW_DOCKBAR_TOP
	HIDR_POPUP_SELECTATOM
	AFX_HIDP_DAO_DFX_BIND
	AFX_HIDP_SQL_ODBC_V2_REQUIRED
	AFX_HIDP_SQL_NO_ROWS_AFFECTED
	HID_OLE_EDIT_CONVERT
	AFX_HIDP_SQL_SQL_CONFORMANCE
	AFX_HIDD_INSERTOBJECT
	AFX_HIDP_SQL_RECORDSET_READONLY
	HID_PLOT_ATOM
	AFX_HIDP_PARSE_RADIO_BUTTON
	HIDR_POPUP_HIDELAYER_X
	HIDR_POPUP_HIDELAYER_Y
	HIDR_POPUP_HIDELAYER_Z
	HID_EDIT_PASTE_SPECIAL
	AFX_HIDP_DAO_ROWTOOSHORT
	AFX_HIDP_SQL_INCORRECT_ODBC
	AFX_HIDP_NO_ERROR_AVAILABLE
	AFX_HIDW_DOCKBAR_BOTTOM
	AFX_HIDP_FILE_DIR_FULL
	AFX_HIDP_DAO_BADBINDINFO
	AFX_HIDP_SQL_UPDATE_DELETE_FAILED
	AFX_HIDP_PARSE_DATETIME
	HID_OLE_EDIT_CHANGE_ICON
	AFX_HIDP_ARCH_ENDOFFILE
	AFX_HIDP_SQL_SQL_NO_TOTAL
	AFX_HIDP_SQL_CONNECT_FAIL
	HIDD_DIALOG_EDIT_ATOM
	AFX_HIDP_SQL_API_CONFORMANCE
	HID_OLE_EDIT_PROPERTIES
	AFX_HIDP_FILE_DISKFULL
	HID_TOOLS_PCDF_2
	HID_TOOLS_PCDF_3
	HID_TOOLS_PCDF_4
	HID_TOOLS_PCDF_5
	HID_TOOLS_PCDF_6
	HID_TOOLS_PCDF_7
	HID_TOOLS_PCDF_8
	HID_TOOLS_PCDF_9
	AFX_HIDW_DOCKBAR_LEFT
	AFX_HIDP_FILE_REMOVE_CURRENT
	AFX_HIDP_ARCH_BADCLASS
	AFX_HIDP_SQL_NO_POSITIONED_UPDATES
	HID_OLE_VERB_1
	HID_OLE_VERB_1
	HID_OLE_VERB_1
	HID_OLE_VERB_1
	HID_OLE_VERB_1
	HID_OLE_VERB_1
	HID_OLE_VERB_1
	HID_OLE_VERB_1
	HID_OLE_VERB_1
	HID_OLE_VERB_1
	HID_OLE_VERB_1
	HID_OLE_VERB_1
	HID_OLE_VERB_1
	HID_OLE_VERB_1
	HID_OLE_VERB_1
	HID_OLE_VERB_1
	AFX_HIDP_ARCH_BADINDEX
	HID_WIZBACK
	HID_WIZNEXT
	HID_TOOLS_SETUP_LATTICE
	HID_VIEW_BONDS
	AFX_HIDP_PARSE_CURRENCY
	AFX_HIDP_FILE_NONE
	HID_TOOLS_PCDF_STEP
	HID_TOOLS_ROTATEATOMS
	AFX_HIDP_FAILED_TO_CONVERT
	HID_HELP_FINDER
	HIDR_POPUP
	AFX_HIDP_FILE_EOF
	HIDR_START
	AFX_HIDP_FILE_LOCKING
	AFX_HIDP_SQL_ILLEGAL_MODE
	AFX_HIDD_PREVIEW_TOOLBAR
	HIDR_MADELUTYPE
	AFX_HIDP_SQL_NO_CURRENT_RECORD
	AFX_HIDP_FILE_BAD_PATH
	AFX_HIDP_FILE_BAD_SEEK
	HID_TOOLS_EXTEND_NORMAL
	AFX_HIDP_SQL_ROW_UPDATE_NOT_SUPPORTED
	HID_CANCEL_CALCULATION
	AFX_HIDP_FAILED_MAPI_LOAD
	AFX_HIDP_FAILED_MAPI_SEND
	AFX_HIDP_FILE_SHARING
	HID_VIEW_CELLBORDERS
	HID_TOOLS_SYMMETRY
	HIDD_DIALOG_LATTICE_EXTEND_SPHERE
	HID_FILE_PRINT_DIRECT
	HID_TOOLS_POTENTIAL_ON_ATOMS
	HID_PLOT_LATTICE
	AFX_HIDP_DLL_LOAD_FAILED
	AFX_HIDP_SQL_DYNASET_NOT_SUPPORTED
	HIDD_PP_CRYSTAL_LATTICE
	AFX_HIDP_SQL_ROW_FETCH
	AFX_HIDP_SET_NOT_SUPPORTED
	HID_TOOLS_OPTIONS
	AFX_HIDD_CHANGEICON
	AFX_HIDP_DLL_BAD_VERSION
	AFX_HIDP_ARCH_BADSCHEMA
	AFX_HIDD_FILEBROWSE
	HID_POPUP_DESELECT
	HIDR_POPUP_HIDEALL
	HID_TOOLS_EXTEND_SPHERE
	HIDR_POPUP_HIDE
	AFX_HIDD_EDITLINKS
	AFX_HIDP_SQL_DATA_TRUNCATED
	HID_HT_HELP
	HID_WIZFINISH
	HIDD_ADD_ATOM_TO_PLOT
	HID_OPTIMIZE
	AFX_HIDP_INVALID_MAPI_DLL
	AFX_HIDD_PREVIEW_SHORTTOOLBAR
	AFX_HIDP_DAO_OBJECT_NOT_OPEN
	AFX_HIDP_ARCH_WRITEONLY
	HID_OLE_EDIT_LINKS
	AFX_HIDP_SQL_MULTIPLE_ROWS_AFFECTED
	HID_EDIT_PASTE_LINK
	AFX_HIDP_DAO_ENGINE_INITIALIZATION
	AFX_HIDW_DOCKBAR_FLOAT
	AFX_HIDW_DOCKBAR_RIGHT
	HIDD_EDITMOLECULE
	AFX_HIDP_PARSE_BYTE
	AFX_HIDP_PARSE_UINT
	AFX_HIDP_ARCH_GENERIC
	HID_VIEW_OUTPUT
	HID_POPUP_HIDE
	HIDD_MOLECULELIST
	AFX_HIDP_SQL_SNAPSHOT_NOT_SUPPORTED
	AFX_HIDD_PASTESPECIAL
	AFX_HIDP_FILE_GENERIC
	AFX_HIDP_FILE_INVALID_FILE
	HID_HT_CLOSE
	AFX_HIDP_ARCH_READONLY
	HID_TOOLS_SETUP_OPTIMIZATION
	AFX_HIDP_SQL_RECORDSET_FORWARD_ONLY
	HID_OLE_INSERT_NEW
	HID_POPUP_UNSELECT
	AFX_HIDP_SQL_DYNAMIC_CURSOR_NOT_SUPPORTED
	HID_PLOT_ATOM_REMOVE
	AFX_HIDP_DAO_COLUMNUNAVAILABLE
	HID_AW_GB
	HIDR_POPUP_SHOWALL
72	Topics
48	Jumps
16	Keywords
21	Bitmaps


Created D:\Projects\Madelung\hlp\Madelung.HLP, 38,923 bytes
Bitmaps: 5,348 bytes
Phrase+Zeck compression decreased help file by 13,866 bytes.
Compile time: 0 minutes, 1 second
2 notes, 9 warnings
